<?xml version="1.0" encoding="UTF-8"?>
<!-- Generated by org.testng.reporters.JUnitXMLReporter -->
<testsuite hostname="tm11-PC" name="Test" tests="3" failures="1" timestamp="20 Oct 2016 03:05:50 GMT" time="32.144" errors="0">
  <testcase name="m3" time="14.346" classname="Grid.GridParallel">
    <failure type="org.openqa.selenium.WebDriverException" message="Unexpected error launching Internet Explorer. Protected Mode settings are not the same for all zones. Enable Protected Mode must be set to the same value (enabled or disabled) for all zones. (WARNING: The server did not provide any stacktrace information)
Command duration or timeout: 12.33 seconds
Build info: version: &amp;apos;2.53.0&amp;apos;, revision: &amp;apos;35ae25b&amp;apos;, time: &amp;apos;2016-03-15 17:00:58&amp;apos;
System info: host: &amp;apos;tm11-PC&amp;apos;, ip: &amp;apos;192.168.0.110&amp;apos;, os.name: &amp;apos;Windows 7&amp;apos;, os.arch: &amp;apos;x86&amp;apos;, os.version: &amp;apos;6.1&amp;apos;, java.version: &amp;apos;1.8.0_101&amp;apos;
Driver info: org.openqa.selenium.ie.InternetExplorerDriver
Command duration or timeout: 13.07 seconds
Build info: version: &amp;apos;2.53.0&amp;apos;, revision: &amp;apos;35ae25b&amp;apos;, time: &amp;apos;2016-03-15 16:57:40&amp;apos;
System info: host: &amp;apos;tm11-PC&amp;apos;, ip: &amp;apos;192.168.0.110&amp;apos;, os.name: &amp;apos;Windows 7&amp;apos;, os.arch: &amp;apos;x86&amp;apos;, os.version: &amp;apos;6.1&amp;apos;, java.version: &amp;apos;1.8.0_101&amp;apos;
Driver info: org.openqa.selenium.remote.RemoteWebDriver">
      <![CDATA[org.openqa.selenium.WebDriverException: Unexpected error launching Internet Explorer. Protected Mode settings are not the same for all zones. Enable Protected Mode must be set to the same value (enabled or disabled) for all zones. (WARNING: The server did not provide any stacktrace information)
Command duration or timeout: 12.33 seconds
Build info: version: '2.53.0', revision: '35ae25b', time: '2016-03-15 17:00:58'
System info: host: 'tm11-PC', ip: '192.168.0.110', os.name: 'Windows 7', os.arch: 'x86', os.version: '6.1', java.version: '1.8.0_101'
Driver info: org.openqa.selenium.ie.InternetExplorerDriver
Command duration or timeout: 13.07 seconds
Build info: version: '2.53.0', revision: '35ae25b', time: '2016-03-15 16:57:40'
System info: host: 'tm11-PC', ip: '192.168.0.110', os.name: 'Windows 7', os.arch: 'x86', os.version: '6.1', java.version: '1.8.0_101'
Driver info: org.openqa.selenium.remote.RemoteWebDriver
	at org.openqa.selenium.remote.ErrorHandler.createThrowable(ErrorHandler.java:206)
	at org.openqa.selenium.remote.ErrorHandler.throwIfResponseFailed(ErrorHandler.java:158)
	at org.openqa.selenium.remote.RemoteWebDriver.execute(RemoteWebDriver.java:678)
	at org.openqa.selenium.remote.RemoteWebDriver.startSession(RemoteWebDriver.java:249)
	at org.openqa.selenium.remote.RemoteWebDriver.<init>(RemoteWebDriver.java:131)
	at org.openqa.selenium.remote.RemoteWebDriver.<init>(RemoteWebDriver.java:158)
	at Grid.GridParallel.m3(GridParallel.java:67)
	at java.util.concurrent.ThreadPoolExecutor.runWorker(Unknown Source)
	at java.util.concurrent.ThreadPoolExecutor$Worker.run(Unknown Source)
	at java.lang.Thread.run(Unknown Source)
Caused by: org.openqa.selenium.remote.SessionNotFoundException: Unexpected error launching Internet Explorer. Protected Mode settings are not the same for all zones. Enable Protected Mode must be set to the same value (enabled or disabled) for all zones. (WARNING: The server did not provide any stacktrace information)
Command duration or timeout: 12.33 seconds
Build info: version: '2.53.0', revision: '35ae25b', time: '2016-03-15 17:00:58'
System info: host: 'tm11-PC', ip: '192.168.0.110', os.name: 'Windows 7', os.arch: 'x86', os.version: '6.1', java.version: '1.8.0_101'
Driver info: org.openqa.selenium.ie.InternetExplorerDriver
Build info: version: '2.53.0', revision: '35ae25b', time: '2016-03-15 16:57:40'
System info: host: 'tm11-PC', ip: '192.168.0.110', os.name: 'Windows 7', os.arch: 'x86', os.version: '6.1', java.version: '1.8.0_101'
Driver info: driver.version: InternetExplorerDriver
	at org.openqa.selenium.remote.ErrorHandler.createThrowable(ErrorHandler.java:206)
	at org.openqa.selenium.remote.ErrorHandler.throwIfResponseFailed(ErrorHandler.java:158)
	at org.openqa.selenium.remote.RemoteWebDriver.execute(RemoteWebDriver.java:678)
	at org.openqa.selenium.remote.RemoteWebDriver.startSession(RemoteWebDriver.java:249)
	at org.openqa.selenium.remote.RemoteWebDriver.startSession(RemoteWebDriver.java:234)
	at org.openqa.selenium.ie.InternetExplorerDriver.run(InternetExplorerDriver.java:182)
	at org.openqa.selenium.ie.InternetExplorerDriver.<init>(InternetExplorerDriver.java:174)
	at org.openqa.selenium.ie.InternetExplorerDriver.<init>(InternetExplorerDriver.java:150)
	at org.openqa.selenium.remote.server.DefaultDriverProvider.callConstructor(DefaultDriverProvider.java:103)
	at org.openqa.selenium.remote.server.DefaultDriverProvider.newInstance(DefaultDriverProvider.java:97)
	at org.openqa.selenium.remote.server.DefaultDriverFactory.newInstance(DefaultDriverFactory.java:60)
	at org.openqa.selenium.remote.server.DefaultSession$BrowserCreator.call(DefaultSession.java:222)
	at org.openqa.selenium.remote.server.DefaultSession$BrowserCreator.call(DefaultSession.java:1)
	at java.util.concurrent.FutureTask.run(Unknown Source)
	at org.openqa.selenium.remote.server.DefaultSession$1.run(DefaultSession.java:176)
	... 3 more
... Removed 22 stack frames]]>
    </failure>
  </testcase> <!-- m3 -->
  <testcase name="m2" time="24.641" classname="Grid.GridParallel"/>
  <testcase name="m1" time="32.111" classname="Grid.GridParallel"/>
</testsuite> <!-- Test -->
