<?xml version="1.0" encoding="UTF-8"?>
<testng-results skipped="0" failed="0" total="2" passed="2">
  <reporter-output>
  </reporter-output>
  <suite name="Default suite" duration-ms="51507" started-at="2017-08-21T04:57:42Z" finished-at="2017-08-21T04:58:33Z">
    <groups>
    </groups>
    <test name="Default test" duration-ms="51507" started-at="2017-08-21T04:57:42Z" finished-at="2017-08-21T04:58:33Z">
      <class name="TestNGpack.Class1">
        <test-method status="PASS" signature="m1()[pri:0, instance:TestNGpack.Class1@5dfcfece]" name="m1" is-config="true" duration-ms="12" started-at="2017-08-21T10:27:42Z" finished-at="2017-08-21T10:27:42Z">
          <reporter-output>
          </reporter-output>
        </test-method> <!-- m1 -->
        <test-method status="PASS" signature="tc1()[pri:0, instance:TestNGpack.Class1@5dfcfece]" name="tc1" duration-ms="11" started-at="2017-08-21T10:27:42Z" finished-at="2017-08-21T10:27:42Z">
          <reporter-output>
          </reporter-output>
        </test-method> <!-- tc1 -->
        <test-method status="PASS" signature="m2()[pri:0, instance:TestNGpack.Class1@5dfcfece]" name="m2" is-config="true" duration-ms="1" started-at="2017-08-21T10:27:42Z" finished-at="2017-08-21T10:27:42Z">
          <reporter-output>
          </reporter-output>
        </test-method> <!-- m2 -->
        <test-method status="PASS" signature="m1()[pri:0, instance:TestNGpack.Class1@5dfcfece]" name="m1" is-config="true" duration-ms="1" started-at="2017-08-21T10:27:42Z" finished-at="2017-08-21T10:27:42Z">
          <reporter-output>
          </reporter-output>
        </test-method> <!-- m1 -->
        <test-method status="PASS" signature="tc2()[pri:0, instance:TestNGpack.Class1@5dfcfece]" name="tc2" duration-ms="51446" started-at="2017-08-21T10:27:42Z" finished-at="2017-08-21T10:28:33Z">
          <reporter-output>
          </reporter-output>
        </test-method> <!-- tc2 -->
        <test-method status="PASS" signature="m2()[pri:0, instance:TestNGpack.Class1@5dfcfece]" name="m2" is-config="true" duration-ms="2" started-at="2017-08-21T10:28:33Z" finished-at="2017-08-21T10:28:33Z">
          <reporter-output>
          </reporter-output>
        </test-method> <!-- m2 -->
      </class> <!-- TestNGpack.Class1 -->
    </test> <!-- Default test -->
  </suite> <!-- Default suite -->
</testng-results>
